<?xml version="1.0" encoding="UTF-8"?>
<testng-results total="1" passed="1" failed="0" skipped="0">
  <reporter-output>
  </reporter-output>
  <suite started-at="2022-07-21T09:20:31Z" name="Default suite" finished-at="2022-07-21T09:20:31Z" duration-ms="46">
    <groups>
    </groups>
    <test started-at="2022-07-21T09:20:31Z" name="Default test" finished-at="2022-07-21T09:20:31Z" duration-ms="46">
      <class name="Automation.Maven">
        <test-method signature="practice()[pri:0, instance:Automation.Maven@19c65cdc]" started-at="2022-07-21T14:50:31Z" name="practice" finished-at="2022-07-21T14:50:31Z" duration-ms="18" status="PASS">
          <reporter-output>
          </reporter-output>
        </test-method> <!-- practice -->
      </class> <!-- Automation.Maven -->
    </test> <!-- Default test -->
  </suite> <!-- Default suite -->
</testng-results>
